\BOOKMARK [1][-]{section.1}{Introduction}{}% 1
\BOOKMARK [1][-]{section.2}{Related Work}{}% 2
\BOOKMARK [2][-]{subsection.2.1}{Crustacean Computer Vision}{section.2}% 3
\BOOKMARK [2][-]{subsection.2.2}{Temporal vs. Single-Shot Detection}{section.2}% 4
\BOOKMARK [2][-]{subsection.2.3}{Vision Transformers in Marine Biology}{section.2}% 5
\BOOKMARK [1][-]{section.3}{Dataset and Problem Formulation}{}% 6
\BOOKMARK [2][-]{subsection.3.1}{Dataset Collection}{section.3}% 7
\BOOKMARK [2][-]{subsection.3.2}{Problem Formulation}{section.3}% 8
\BOOKMARK [2][-]{subsection.3.3}{Data Challenges}{section.3}% 9
\BOOKMARK [1][-]{section.4}{Methodology}{}% 10
\BOOKMARK [2][-]{subsection.4.1}{Feature Extraction}{section.4}% 11
\BOOKMARK [3][-]{subsubsection.4.1.1}{YOLO Features}{subsection.4.1}% 12
\BOOKMARK [3][-]{subsubsection.4.1.2}{CNN Features}{subsection.4.1}% 13
\BOOKMARK [3][-]{subsubsection.4.1.3}{Vision Transformer Features}{subsection.4.1}% 14
\BOOKMARK [2][-]{subsection.4.2}{Regression Models}{section.4}% 15
\BOOKMARK [3][-]{subsubsection.4.2.1}{Single-Shot Models}{subsection.4.2}% 16
\BOOKMARK [3][-]{subsubsection.4.2.2}{Temporal Models}{subsection.4.2}% 17
\BOOKMARK [2][-]{subsection.4.3}{Training Protocol}{section.4}% 18
\BOOKMARK [1][-]{section.5}{Experiments and Results}{}% 19
\BOOKMARK [2][-]{subsection.5.1}{Single-Shot Performance}{section.5}% 20
\BOOKMARK [2][-]{subsection.5.2}{Temporal Model Performance}{section.5}% 21
\BOOKMARK [2][-]{subsection.5.3}{Phase-Specific Performance}{section.5}% 22
\BOOKMARK [2][-]{subsection.5.4}{Anecdotal Test Cases}{section.5}% 23
\BOOKMARK [1][-]{section.6}{Ablation Studies}{}% 24
\BOOKMARK [2][-]{subsection.6.1}{Temporal Window Size}{section.6}% 25
\BOOKMARK [2][-]{subsection.6.2}{Feature Importance}{section.6}% 26
\BOOKMARK [1][-]{section.7}{Discussion}{}% 27
\BOOKMARK [2][-]{subsection.7.1}{Commercial Viability}{section.7}% 28
\BOOKMARK [2][-]{subsection.7.2}{Biological Insights}{section.7}% 29
\BOOKMARK [2][-]{subsection.7.3}{Limitations}{section.7}% 30
\BOOKMARK [1][-]{section.8}{Deployment and Impact}{}% 31
\BOOKMARK [1][-]{section.9}{Conclusion}{}% 32
